# JRE version: OpenJDK Runtime Environment (8.0_212-b04) (build 1.8.0_212-release-1586-b04)
# Java VM: OpenJDK 64-Bit Server VM (25.212-b04 mixed mode windows-amd64 compressed oops)
Heap:
 PSYoungGen      total 479232K, used 294423K [0x00000000e0000000, 0x0000000100000000, 0x0000000100000000)
  eden space 459776K, 59% used [0x00000000e0000000,0x00000000f0c91a58,0x00000000fc100000)
  from space 19456K, 99% used [0x00000000fc100000,0x00000000fd3f43d8,0x00000000fd400000)
  to   space 32768K, 0% used [0x00000000fe000000,0x00000000fe000000,0x0000000100000000)
 ParOldGen       total 150528K, used 84548K [0x00000000a0000000, 0x00000000a9300000, 0x00000000e0000000)
  object space 150528K, 56% used [0x00000000a0000000,0x00000000a52911d8,0x00000000a9300000)
 Metaspace       used 104442K, capacity 110204K, committed 110336K, reserved 1144832K
  class space    used 13397K, capacity 14518K, committed 14592K, reserved 1048576K
GC Heap History (10 events):
Event: 1474.433 GC heap before
{Heap before GC invocations=17 (full 4):
 PSYoungGen      total 489472K, used 460288K [0x00000000e0000000, 0x00000000ffd80000, 0x0000000100000000)
  eden space 460288K, 100% used [0x00000000e0000000,0x00000000fc180000,0x00000000fc180000)
  from space 29184K, 0% used [0x00000000fe100000,0x00000000fe100000,0x00000000ffd80000)
  to   space 30720K, 0% used [0x00000000fc180000,0x00000000fc180000,0x00000000fdf80000)
 ParOldGen       total 150528K, used 64288K [0x00000000a0000000, 0x00000000a9300000, 0x00000000e0000000)
  object space 150528K, 42% used [0x00000000a0000000,0x00000000a3ec82b0,0x00000000a9300000)
 Metaspace       used 98579K, capacity 103010K, committed 103296K, reserved 1138688K
  class space    used 12761K, capacity 13655K, committed 13696K, reserved 1048576K
Event: 1474.606 GC heap after
Heap after GC invocations=17 (full 4):
 PSYoungGen      total 491008K, used 13651K [0x00000000e0000000, 0x00000000ffd80000, 0x0000000100000000)
  eden space 460288K, 0% used [0x00000000e0000000,0x00000000e0000000,0x00000000fc180000)
  from space 30720K, 44% used [0x00000000fc180000,0x00000000fced4c38,0x00000000fdf80000)
  to   space 28672K, 0% used [0x00000000fe180000,0x00000000fe180000,0x00000000ffd80000)
 ParOldGen       total 150528K, used 64296K [0x00000000a0000000, 0x00000000a9300000, 0x00000000e0000000)
  object space 150528K, 42% used [0x00000000a0000000,0x00000000a3eca2b0,0x00000000a9300000)
 Metaspace       used 98579K, capacity 103010K, committed 103296K, reserved 1138688K
  class space    used 12761K, capacity 13655K, committed 13696K, reserved 1048576K
}
Event: 1478.149 GC heap before
{Heap before GC invocations=18 (full 4):
 PSYoungGen      total 491008K, used 473939K [0x00000000e0000000, 0x00000000ffd80000, 0x0000000100000000)
  eden space 460288K, 100% used [0x00000000e0000000,0x00000000fc180000,0x00000000fc180000)
  from space 30720K, 44% used [0x00000000fc180000,0x00000000fced4c38,0x00000000fdf80000)
  to   space 28672K, 0% used [0x00000000fe180000,0x00000000fe180000,0x00000000ffd80000)
 ParOldGen       total 150528K, used 64296K [0x00000000a0000000, 0x00000000a9300000, 0x00000000e0000000)
  object space 150528K, 42% used [0x00000000a0000000,0x00000000a3eca2b0,0x00000000a9300000)
 Metaspace       used 98805K, capacity 103228K, committed 103296K, reserved 1138688K
  class space    used 12768K, capacity 13656K, committed 13696K, reserved 1048576K
Event: 1478.195 GC heap after
Heap after GC invocations=18 (full 4):
 PSYoungGen      total 493056K, used 10287K [0x00000000e0000000, 0x00000000ffd00000, 0x0000000100000000)
  eden space 464896K, 0% used [0x00000000e0000000,0x00000000e0000000,0x00000000fc600000)
  from space 28160K, 36% used [0x00000000fe180000,0x00000000feb8bc88,0x00000000ffd00000)
  to   space 28160K, 0% used [0x00000000fc600000,0x00000000fc600000,0x00000000fe180000)
 ParOldGen       total 150528K, used 73217K [0x00000000a0000000, 0x00000000a9300000, 0x00000000e0000000)
  object space 150528K, 48% used [0x00000000a0000000,0x00000000a4780658,0x00000000a9300000)
 Metaspace       used 98805K, capacity 103228K, committed 103296K, reserved 1138688K
  class space    used 12768K, capacity 13656K, committed 13696K, reserved 1048576K
}
Event: 1484.486 GC heap before
{Heap before GC invocations=19 (full 4):
 PSYoungGen      total 493056K, used 475183K [0x00000000e0000000, 0x00000000ffd00000, 0x0000000100000000)
  eden space 464896K, 100% used [0x00000000e0000000,0x00000000fc600000,0x00000000fc600000)
  from space 28160K, 36% used [0x00000000fe180000,0x00000000feb8bc88,0x00000000ffd00000)
  to   space 28160K, 0% used [0x00000000fc600000,0x00000000fc600000,0x00000000fe180000)
 ParOldGen       total 150528K, used 73217K [0x00000000a0000000, 0x00000000a9300000, 0x00000000e0000000)
  object space 150528K, 48% used [0x00000000a0000000,0x00000000a4780658,0x00000000a9300000)
 Metaspace       used 98945K, capacity 103360K, committed 103552K, reserved 1138688K
  class space    used 12787K, capacity 13696K, committed 13696K, reserved 1048576K
Event: 1484.624 GC heap after
Heap after GC invocations=19 (full 4):
 PSYoungGen      total 493056K, used 3232K [0x00000000e0000000, 0x0000000100000000, 0x0000000100000000)
  eden space 464896K, 0% used [0x00000000e0000000,0x00000000e0000000,0x00000000fc600000)
  from space 28160K, 11% used [0x00000000fc600000,0x00000000fc928010,0x00000000fe180000)
  to   space 28160K, 0% used [0x00000000fe480000,0x00000000fe480000,0x0000000100000000)
 ParOldGen       total 150528K, used 80526K [0x00000000a0000000, 0x00000000a9300000, 0x00000000e0000000)
  object space 150528K, 53% used [0x00000000a0000000,0x00000000a4ea3bb8,0x00000000a9300000)
 Metaspace       used 98945K, capacity 103360K, committed 103552K, reserved 1138688K
  class space    used 12787K, capacity 13696K, committed 13696K, reserved 1048576K
}
Event: 1488.417 GC heap before
{Heap before GC invocations=20 (full 4):
 PSYoungGen      total 493056K, used 468128K [0x00000000e0000000, 0x0000000100000000, 0x0000000100000000)
  eden space 464896K, 100% used [0x00000000e0000000,0x00000000fc600000,0x00000000fc600000)
  from space 28160K, 11% used [0x00000000fc600000,0x00000000fc928010,0x00000000fe180000)
  to   space 28160K, 0% used [0x00000000fe480000,0x00000000fe480000,0x0000000100000000)
 ParOldGen       total 150528K, used 80526K [0x00000000a0000000, 0x00000000a9300000, 0x00000000e0000000)
  object space 150528K, 53% used [0x00000000a0000000,0x00000000a4ea3bb8,0x00000000a9300000)
 Metaspace       used 99701K, capacity 104166K, committed 104448K, reserved 1140736K
  class space    used 12847K, capacity 13749K, committed 13824K, reserved 1048576K
Event: 1488.714 GC heap after
Heap after GC invocations=20 (full 4):
 PSYoungGen      total 487936K, used 27746K [0x00000000e0000000, 0x0000000100000000, 0x0000000100000000)
  eden space 459776K, 0% used [0x00000000e0000000,0x00000000e0000000,0x00000000fc100000)
  from space 28160K, 98% used [0x00000000fe480000,0x00000000fff98ba0,0x0000000100000000)
  to   space 32256K, 0% used [0x00000000fc100000,0x00000000fc100000,0x00000000fe080000)
 ParOldGen       total 150528K, used 81887K [0x00000000a0000000, 0x00000000a9300000, 0x00000000e0000000)
  object space 150528K, 54% used [0x00000000a0000000,0x00000000a4ff7c28,0x00000000a9300000)
 Metaspace       used 99701K, capacity 104166K, committed 104448K, reserved 1140736K
  class space    used 12847K, capacity 13749K, committed 13824K, reserved 1048576K
}
Event: 2695.618 GC heap before
{Heap before GC invocations=21 (full 4):
 PSYoungGen      total 487936K, used 487522K [0x00000000e0000000, 0x0000000100000000, 0x0000000100000000)
  eden space 459776K, 100% used [0x00000000e0000000,0x00000000fc100000,0x00000000fc100000)
  from space 28160K, 98% used [0x00000000fe480000,0x00000000fff98ba0,0x0000000100000000)
  to   space 32256K, 0% used [0x00000000fc100000,0x00000000fc100000,0x00000000fe080000)
 ParOldGen       total 150528K, used 81887K [0x00000000a0000000, 0x00000000a9300000, 0x00000000e0000000)
  object space 150528K, 54% used [0x00000000a0000000,0x00000000a4ff7c28,0x00000000a9300000)
 Metaspace       used 103350K, capacity 108830K, committed 109184K, reserved 1144832K
  class space    used 13297K, capacity 14352K, committed 14464K, reserved 1048576K
Event: 2695.656 GC heap after
Heap after GC invocations=21 (full 4):
 PSYoungGen      total 479232K, used 19408K [0x00000000e0000000, 0x0000000100000000, 0x0000000100000000)
  eden space 459776K, 0% used [0x00000000e0000000,0x00000000e0000000,0x00000000fc100000)
  from space 19456K, 99% used [0x00000000fc100000,0x00000000fd3f43d8,0x00000000fd400000)
  to   space 32768K, 0% used [0x00000000fe000000,0x00000000fe000000,0x0000000100000000)
 ParOldGen       total 150528K, used 84548K [0x00000000a0000000, 0x00000000a9300000, 0x00000000e0000000)
  object space 150528K, 56% used [0x00000000a0000000,0x00000000a52911d8,0x00000000a9300000)
 Metaspace       used 103350K, capacity 108830K, committed 109184K, reserved 1144832K
  class space    used 13297K, capacity 14352K, committed 14464K, reserved 1048576K
}

